<?xml version="1.0" encoding="UTF-8"?>
<!-- Generated by org.testng.reporters.JUnitReportReporter -->
<testsuite hostname="EC2AMAZ-15BIB25" failures="0" tests="1" name="Depositar" time="2.807" errors="0" timestamp="2025-03-25T17:10:06 CLST" skipped="0">
  <testcase classname="Depositar" name="testDepositar" time="2.807"/>
  <system-out/>
</testsuite> <!-- Depositar -->
